* Starting client
* Connecting to master process on port 7212
* Analyzing classpath: 
  - /Users/ginanjar/IdeaProjects/EvosuiteGradle/build/classes/java/main
  - /Library/Java/JavaVirtualMachines/adoptopenjdk-8.jdk/Contents/Home/jre/lib/charsets.jar
  - /Library/Java/JavaVirtualMachines/adoptopenjdk-8.jdk/Contents/Home/jre/lib/ext/cldrdata.jar
  - /Library/Java/JavaVirtualMachines/adoptopenjdk-8.jdk/Contents/Home/jre/lib/ext/dnsns.jar
  - /Library/Java/JavaVirtualMachines/adoptopenjdk-8.jdk/Contents/Home/jre/lib/ext/jaccess.jar
  - /Library/Java/JavaVirtualMachines/adoptopenjdk-8.jdk/Contents/Home/jre/lib/ext/localedata.jar
  - /Library/Java/JavaVirtualMachines/adoptopenjdk-8.jdk/Contents/Home/jre/lib/ext/nashorn.jar
  - /Library/Java/JavaVirtualMachines/adoptopenjdk-8.jdk/Contents/Home/jre/lib/ext/sunec.jar
  - /Library/Java/JavaVirtualMachines/adoptopenjdk-8.jdk/Contents/Home/jre/lib/ext/sunjce_provider.jar
  - /Library/Java/JavaVirtualMachines/adoptopenjdk-8.jdk/Contents/Home/jre/lib/ext/sunpkcs11.jar
  - /Library/Java/JavaVirtualMachines/adoptopenjdk-8.jdk/Contents/Home/jre/lib/ext/zipfs.jar
  - /Library/Java/JavaVirtualMachines/adoptopenjdk-8.jdk/Contents/Home/jre/lib/jce.jar
  - /Library/Java/JavaVirtualMachines/adoptopenjdk-8.jdk/Contents/Home/jre/lib/jsse.jar
  - /Library/Java/JavaVirtualMachines/adoptopenjdk-8.jdk/Contents/Home/jre/lib/management-agent.jar
  - /Library/Java/JavaVirtualMachines/adoptopenjdk-8.jdk/Contents/Home/jre/lib/resources.jar
  - /Library/Java/JavaVirtualMachines/adoptopenjdk-8.jdk/Contents/Home/jre/lib/rt.jar
  - /Library/Java/JavaVirtualMachines/adoptopenjdk-8.jdk/Contents/Home/lib/dt.jar
  - /Library/Java/JavaVirtualMachines/adoptopenjdk-8.jdk/Contents/Home/lib/jconsole.jar
  - /Library/Java/JavaVirtualMachines/adoptopenjdk-8.jdk/Contents/Home/lib/sa-jdi.jar
  - /Library/Java/JavaVirtualMachines/adoptopenjdk-8.jdk/Contents/Home/lib/tools.jar
  - /Users/ginanjar/IdeaProjects/EvosuiteGradle/build/classes/java/main
* Finished analyzing classpath
* Generating tests for class org.example.Foo
* Test criteria:
  - Line Coverage
  - Branch Coverage
  - Exception
  - Mutation testing (weak)
  - Method-Output Coverage
  - Top-Level Method Coverage
  - No-Exception Top-Level Method Coverage
  - Context Branch Coverage
* Setting up search algorithm for whole suite generation
* Loaded 9 tests from /Users/ginanjar/IdeaProjects/EvosuiteGradle/src/main/.evosuite/evosuite-seeds/org.example.Foo.seed
* Total number of test goals: 
  - Line 6
  - Branch 6
  - Exception 0
  - MutationFactory 33
  - Output 4
  - Method 4
  - MethodNoException 4
  - CBranchFitnessFactory 6
* Using seed 1591034226251
* Starting evolution
* Search finished after 2s and 0 generations, 5100 statements, best individual has fitness: 1.0
* Writing sequences to pool
* Minimizing test suite
* Going to analyze the coverage criteria
* Coverage analysis for criterion LINE
* Coverage of criterion LINE: 100%
* Total number of goals: 6
* Number of covered goals: 6
* Coverage analysis for criterion BRANCH
* Coverage of criterion BRANCH: 100%
* Total number of goals: 6
* Number of covered goals: 6
* Coverage analysis for criterion EXCEPTION
* Coverage of criterion EXCEPTION: 100% (no goals)
* Coverage analysis for criterion WEAKMUTATION
* Coverage of criterion WEAKMUTATION: 100%
* Total number of goals: 33
* Number of covered goals: 33
* Coverage analysis for criterion OUTPUT
* Coverage of criterion OUTPUT: 100%
* Total number of goals: 4
* Number of covered goals: 4
* Coverage analysis for criterion METHOD
* Coverage of criterion METHOD: 100%
* Total number of goals: 4
* Number of covered goals: 4
* Coverage analysis for criterion METHODNOEXCEPTION
* Coverage of criterion METHODNOEXCEPTION: 100%
* Total number of goals: 4
* Number of covered goals: 4
* Coverage analysis for criterion CBRANCH
* Coverage of criterion CBRANCH: 100%
* Total number of goals: 6
* Number of covered goals: 6
* Generated 6 tests with total length 17
* Resulting test suite's coverage: 100% (average coverage for all fitness functions)
* Generating assertions
* Resulting test suite's mutation score: 100%
* Compiling and checking tests
* Writing JUnit test case 'Foo_ESTest' to /Users/ginanjar/IdeaProjects/EvosuiteGradle/src/main/.evosuite/tmp_2020_06_02_00_57_04/tests
* Done!

